2018-11-01 10:43:04,315 - __main__ - INFO - Read Global Configuration file at: F:\Þróunarsvið\Rannsóknir\M-Sameign\GAVEL\GAVEL1\GAVEL\GloConfig_GAVEL.ini
2018-11-01 10:43:04,331 - __main__ - INFO - Start running GAVEL for all stations
2018-11-01 10:43:04,346 - __main__ - INFO - Running GAVEL for station: hoff
2018-11-01 10:43:04,378 - __main__ - INFO - Running Local Config file: F:\Þróunarsvið\Rannsóknir\M-Sameign\GAVEL\GAVEL1\GlacierAWS\Hoff\GAVEL\Config\LocConfig_Hoff_2012.ini
2018-11-01 10:43:29,181 - __main__ - INFO - QC1 module executed
2018-11-01 10:43:51,109 - __main__ - INFO - QC2 module executed
2018-11-01 10:44:02,737 - __main__ - INFO - QCFin module executed
2018-11-01 10:45:38,312 - __main__ - INFO - Plot module executed
2018-11-01 10:45:42,266 - __main__ - INFO - Report module executed
2018-11-01 10:45:42,266 - __main__ - INFO - Running Local Config file: F:\Þróunarsvið\Rannsóknir\M-Sameign\GAVEL\GAVEL1\GlacierAWS\Hoff\GAVEL\Config\LocConfig_Hoff_2013.ini
2018-11-01 10:45:56,130 - __main__ - INFO - QC1 module executed
2018-11-01 10:46:15,433 - __main__ - INFO - QC2 module executed
2018-11-01 10:46:22,168 - __main__ - INFO - QCFin module executed
2018-11-01 10:47:49,908 - __main__ - INFO - Plot module executed
2018-11-01 10:47:53,799 - __main__ - INFO - Report module executed
2018-11-01 10:47:53,799 - __main__ - INFO - Running Local Config file: F:\Þróunarsvið\Rannsóknir\M-Sameign\GAVEL\GAVEL1\GlacierAWS\Hoff\GAVEL\Config\LocConfig_Hoff_2014.ini
2018-11-01 10:48:07,869 - __main__ - INFO - QC1 module executed
2018-11-01 10:48:29,680 - __main__ - INFO - QC2 module executed
2018-11-01 10:48:37,263 - __main__ - INFO - QCFin module executed
2018-11-01 10:50:14,046 - __main__ - INFO - Plot module executed
2018-11-01 10:50:18,467 - __main__ - INFO - Report module executed
2018-11-01 10:50:18,471 - __main__ - INFO - Running Local Config file: F:\Þróunarsvið\Rannsóknir\M-Sameign\GAVEL\GAVEL1\GlacierAWS\Hoff\GAVEL\Config\LocConfig_Hoff_2015.ini
2018-11-01 10:50:33,946 - __main__ - INFO - QC1 module executed
2018-11-01 10:50:56,125 - __main__ - INFO - QC2 module executed
2018-11-01 10:51:03,805 - __main__ - INFO - QCFin module executed
2018-11-01 10:52:46,444 - __main__ - INFO - Plot module executed
2018-11-01 10:52:51,403 - __main__ - INFO - Report module executed
2018-11-01 10:53:14,131 - __main__ - INFO - Finished updating long term statistics for station: Hoffelsjokull_Hoff
2018-11-01 10:53:14,135 - __main__ - INFO - All config files read
2018-11-01 10:53:14,141 - __main__ - INFO - Running GAVEL for station: t01
2018-11-01 10:53:14,167 - __main__ - INFO - Running Local Config file: F:\Þróunarsvið\Rannsóknir\M-Sameign\GAVEL\GAVEL1\GlacierAWS\T01\GAVEL\Config\LocConfig_T01_1999.ini
2018-11-01 10:53:16,609 - __main__ - INFO - QC1 module executed
2018-11-01 10:53:18,450 - __main__ - INFO - QC2 module executed
2018-11-01 10:53:20,177 - __main__ - INFO - QCFin module executed
2018-11-01 10:54:40,914 - __main__ - INFO - Plot module executed
2018-11-01 10:54:43,584 - __main__ - INFO - Report module executed
2018-11-01 10:54:43,586 - __main__ - INFO - Running Local Config file: F:\Þróunarsvið\Rannsóknir\M-Sameign\GAVEL\GAVEL1\GlacierAWS\T01\GAVEL\Config\LocConfig_T01_2000.ini
2018-11-01 10:54:47,892 - __main__ - INFO - QC1 module executed
2018-11-01 10:54:52,651 - __main__ - INFO - QC2 module executed
2018-11-01 10:54:56,582 - __main__ - INFO - QCFin module executed
2018-11-01 10:56:10,545 - __main__ - INFO - Plot module executed
2018-11-01 10:56:13,592 - __main__ - INFO - Report module executed
2018-11-01 10:56:13,592 - __main__ - INFO - Running Local Config file: F:\Þróunarsvið\Rannsóknir\M-Sameign\GAVEL\GAVEL1\GlacierAWS\T01\GAVEL\Config\LocConfig_T01_2017.ini
2018-11-01 10:56:38,756 - __main__ - INFO - QC1 module executed
2018-11-01 10:57:16,963 - __main__ - INFO - QC2 module executed
2018-11-01 10:57:29,733 - __main__ - INFO - QCFin module executed
2018-11-01 11:00:12,565 - __main__ - INFO - Plot module executed
2018-11-01 11:00:18,207 - __main__ - INFO - Report module executed
2018-11-01 11:01:31,913 - __main__ - INFO - Finished updating long term statistics for station: Tungnarjokull_T01
2018-11-01 11:01:31,913 - __main__ - INFO - All config files read
2018-11-01 11:01:31,928 - __main__ - INFO - Running GAVEL for station: l01
2018-11-01 11:01:31,928 - __main__ - INFO - Running Local Config file: F:\Þróunarsvið\Rannsóknir\M-Sameign\GAVEL\GAVEL1\GlacierAWS\L01\GAVEL\Config\LocConfig_L01_2012.ini
2018-11-01 11:01:59,201 - __main__ - INFO - QC1 module executed
2018-11-01 11:02:40,661 - __main__ - INFO - QC2 module executed
2018-11-01 11:02:54,930 - __main__ - INFO - QCFin module executed
2018-11-01 11:05:55,039 - __main__ - INFO - Plot module executed
2018-11-01 11:06:00,821 - __main__ - INFO - Report module executed
2018-11-01 11:06:00,821 - __main__ - INFO - Running Local Config file: F:\Þróunarsvið\Rannsóknir\M-Sameign\GAVEL\GAVEL1\GlacierAWS\L01\GAVEL\Config\LocConfig_L01_2013.ini
2018-11-01 11:06:29,793 - __main__ - INFO - QC1 module executed
2018-11-01 11:07:12,250 - __main__ - INFO - QC2 module executed
2018-11-01 11:07:27,903 - __main__ - INFO - QCFin module executed
2018-11-01 11:10:33,525 - __main__ - INFO - Plot module executed
2018-11-01 11:10:42,719 - __main__ - INFO - Report module executed
2018-11-01 11:10:42,723 - __main__ - INFO - Running Local Config file: F:\Þróunarsvið\Rannsóknir\M-Sameign\GAVEL\GAVEL1\GlacierAWS\L01\GAVEL\Config\LocConfig_L01_2014.ini
2018-11-01 11:11:16,480 - __main__ - INFO - QC1 module executed
2018-11-01 11:12:00,785 - __main__ - INFO - QC2 module executed
2018-11-01 11:12:16,473 - __main__ - INFO - QCFin module executed
2018-11-01 11:15:26,904 - __main__ - INFO - Plot module executed
2018-11-01 11:15:32,654 - __main__ - INFO - Report module executed
2018-11-01 11:15:32,657 - __main__ - INFO - Running Local Config file: F:\Þróunarsvið\Rannsóknir\M-Sameign\GAVEL\GAVEL1\GlacierAWS\L01\GAVEL\Config\LocConfig_L01_2015.ini
2018-11-01 11:15:57,201 - __main__ - INFO - QC1 module executed
2018-11-01 11:16:35,357 - __main__ - INFO - QC2 module executed
2018-11-01 11:16:48,841 - __main__ - INFO - QCFin module executed
2018-11-01 11:19:16,793 - __main__ - INFO - Plot module executed
2018-11-01 11:19:21,825 - __main__ - INFO - Report module executed
2018-11-01 11:20:03,871 - __main__ - INFO - Finished updating long term statistics for station: Langjokull_L01
2018-11-01 11:20:03,888 - __main__ - INFO - All config files read
2018-11-01 11:20:03,888 - __main__ - INFO - Running GAVEL for station: l05
2018-11-01 11:20:03,904 - __main__ - INFO - Running Local Config file: F:\Þróunarsvið\Rannsóknir\M-Sameign\GAVEL\GAVEL1\GlacierAWS\L05\GAVEL\Config\LocConfig_L05_2012.ini
2018-11-01 11:20:19,214 - __main__ - INFO - QC1 module executed
2018-11-01 11:20:41,746 - __main__ - INFO - QC2 module executed
2018-11-01 11:20:49,910 - __main__ - INFO - QCFin module executed
2018-11-01 11:22:52,151 - __main__ - INFO - Plot module executed
2018-11-01 11:22:56,306 - __main__ - INFO - Report module executed
2018-11-01 11:22:56,306 - __main__ - INFO - Running Local Config file: F:\Þróunarsvið\Rannsóknir\M-Sameign\GAVEL\GAVEL1\GlacierAWS\L05\GAVEL\Config\LocConfig_L05_2013.ini
2018-11-01 11:23:15,259 - __main__ - INFO - QC1 module executed
2018-11-01 11:23:41,509 - __main__ - INFO - QC2 module executed
2018-11-01 11:23:51,243 - __main__ - INFO - QCFin module executed
2018-11-01 11:26:00,572 - __main__ - INFO - Plot module executed
2018-11-01 11:26:05,187 - __main__ - INFO - Report module executed
2018-11-01 11:26:05,187 - __main__ - INFO - Running Local Config file: F:\Þróunarsvið\Rannsóknir\M-Sameign\GAVEL\GAVEL1\GlacierAWS\L05\GAVEL\Config\LocConfig_L05_2014.ini
2018-11-01 11:26:20,555 - __main__ - INFO - QC1 module executed
2018-11-01 11:26:42,743 - __main__ - INFO - QC2 module executed
2018-11-01 11:26:51,072 - __main__ - INFO - QCFin module executed
2018-11-01 11:28:50,400 - __main__ - INFO - Plot module executed
2018-11-01 11:28:55,507 - __main__ - INFO - Report module executed
2018-11-01 11:28:55,507 - __main__ - INFO - Running Local Config file: F:\Þróunarsvið\Rannsóknir\M-Sameign\GAVEL\GAVEL1\GlacierAWS\L05\GAVEL\Config\LocConfig_L05_2015.ini
2018-11-01 11:29:08,525 - __main__ - INFO - QC1 module executed
2018-11-01 11:29:30,273 - __main__ - INFO - QC2 module executed
2018-11-01 11:29:38,233 - __main__ - INFO - QCFin module executed
2018-11-01 11:31:56,411 - __main__ - INFO - Plot module executed
2018-11-01 11:32:00,927 - __main__ - INFO - Report module executed
2018-11-01 11:32:00,927 - __main__ - INFO - Running Local Config file: F:\Þróunarsvið\Rannsóknir\M-Sameign\GAVEL\GAVEL1\GlacierAWS\L05\GAVEL\Config\LocConfig_L05_2016.ini
2018-11-01 11:32:18,661 - __main__ - INFO - QC1 module executed
2018-11-01 11:32:43,066 - __main__ - INFO - QC2 module executed
2018-11-01 11:32:52,082 - __main__ - INFO - QCFin module executed
2018-11-01 11:35:06,706 - __main__ - INFO - Plot module executed
2018-11-01 11:35:11,141 - __main__ - INFO - Report module executed
2018-11-01 11:35:11,141 - __main__ - INFO - Running Local Config file: F:\Þróunarsvið\Rannsóknir\M-Sameign\GAVEL\GAVEL1\GlacierAWS\L05\GAVEL\Config\LocConfig_L05_2017.ini
2018-11-01 11:35:30,065 - __main__ - INFO - QC1 module executed
2018-11-01 11:35:57,782 - __main__ - INFO - QC2 module executed
2018-11-01 11:36:08,095 - __main__ - INFO - QCFin module executed
2018-11-01 11:38:29,451 - __main__ - INFO - Plot module executed
2018-11-01 11:38:34,249 - __main__ - INFO - Report module executed
2018-11-01 11:39:21,937 - __main__ - INFO - Finished updating long term statistics for station: Langjokull_L05
2018-11-01 11:39:21,937 - __main__ - INFO - All config files read
2018-11-01 11:39:21,953 - __main__ - INFO - Running GAVEL for station: hna09
2018-11-01 11:39:21,969 - __main__ - INFO - Running Local Config file: F:\Þróunarsvið\Rannsóknir\M-Sameign\GAVEL\GAVEL1\GlacierAWS\HNA09\GAVEL\Config\LocConfig_HNA09_2016.ini
2018-11-01 11:39:54,312 - __main__ - INFO - QC1 module executed
2018-11-01 11:40:46,826 - __main__ - INFO - QC2 module executed
2018-11-01 11:41:02,967 - __main__ - INFO - QCFin module executed
2018-11-01 11:44:15,528 - __main__ - INFO - Plot module executed
2018-11-01 11:44:21,966 - __main__ - INFO - Report module executed
2018-11-01 11:44:21,966 - __main__ - INFO - Running Local Config file: F:\Þróunarsvið\Rannsóknir\M-Sameign\GAVEL\GAVEL1\GlacierAWS\HNA09\GAVEL\Config\LocConfig_HNA09_2018.ini
2018-11-01 11:44:43,746 - __main__ - INFO - QC1 module executed
2018-11-01 11:45:16,497 - __main__ - INFO - QC2 module executed
2018-11-01 11:45:28,096 - __main__ - INFO - QCFin module executed
2018-11-01 11:47:51,496 - __main__ - INFO - Plot module executed
2018-11-01 11:47:56,792 - __main__ - INFO - Report module executed
2018-11-01 11:48:18,982 - __main__ - INFO - Finished updating long term statistics for station: Hofsjokull_HNA09
2018-11-01 11:48:18,986 - __main__ - INFO - All config files read
2018-11-01 11:48:18,990 - __main__ - INFO - Running GAVEL for station: ske02
2018-11-01 11:48:19,035 - __main__ - INFO - Running Local Config file: F:\Þróunarsvið\Rannsóknir\M-Sameign\GAVEL\GAVEL1\GlacierAWS\Ske02\GAVEL\Config\LocConfig_SKE02_2017.ini
2018-11-01 11:48:26,155 - __main__ - INFO - QC1 module executed
2018-11-01 11:48:35,230 - __main__ - INFO - QC2 module executed
2018-11-01 11:48:39,459 - __main__ - INFO - QCFin module executed
2018-11-01 11:50:19,395 - __main__ - INFO - Plot module executed
2018-11-01 11:50:22,819 - __main__ - INFO - Report module executed
2018-11-01 11:50:25,778 - __main__ - INFO - Finished updating long term statistics for station: Skeidararjokull_Ske02
2018-11-01 11:50:25,778 - __main__ - INFO - All config files read
2018-11-01 11:50:25,793 - __main__ - INFO - Running GAVEL for station: budir
2018-11-01 11:50:25,808 - __main__ - INFO - Running Local Config file: F:\Þróunarsvið\Rannsóknir\M-Sameign\GAVEL\GAVEL1\GlacierAWS\Budir\GAVEL\Config\LocConfig_Budir_1996.ini
2018-11-01 11:50:29,158 - __main__ - INFO - QC1 module executed
2018-11-01 11:50:33,130 - __main__ - INFO - QC2 module executed
2018-11-01 11:50:35,707 - __main__ - INFO - QCFin module executed
2018-11-01 11:51:47,154 - __main__ - INFO - Plot module executed
2018-11-01 11:51:50,296 - __main__ - INFO - Report module executed
2018-11-01 11:51:52,236 - __main__ - INFO - Finished updating long term statistics for station: Budir
2018-11-01 11:51:52,239 - __main__ - INFO - All config files read
2018-11-01 11:51:52,246 - __main__ - INFO - Running GAVEL for station: brmy
2018-11-01 11:51:52,260 - __main__ - INFO - Running Local Config file: F:\Þróunarsvið\Rannsóknir\M-Sameign\GAVEL\GAVEL1\GlacierAWS\BrMy\GAVEL\Config\LocConfig_BrMy_2013.ini
2018-11-01 11:52:04,905 - __main__ - INFO - QC1 module executed
2018-11-01 11:52:17,565 - __main__ - INFO - QC2 module executed
2018-11-01 11:52:22,400 - __main__ - INFO - QCFin module executed
2018-11-01 11:52:52,539 - __main__ - INFO - Plot module executed
2018-11-01 11:52:55,553 - __main__ - INFO - Report module executed
2018-11-01 11:52:55,556 - __main__ - INFO - Running Local Config file: F:\Þróunarsvið\Rannsóknir\M-Sameign\GAVEL\GAVEL1\GlacierAWS\BrMy\GAVEL\Config\LocConfig_BrMy_2014.ini
2018-11-01 11:53:17,009 - __main__ - INFO - QC1 module executed
2018-11-01 11:53:39,836 - __main__ - INFO - QC2 module executed
2018-11-01 11:53:46,980 - __main__ - INFO - QCFin module executed
2018-11-01 11:54:24,144 - __main__ - INFO - Plot module executed
2018-11-01 11:54:27,736 - __main__ - INFO - Report module executed
2018-11-01 11:54:27,740 - __main__ - INFO - Running Local Config file: F:\Þróunarsvið\Rannsóknir\M-Sameign\GAVEL\GAVEL1\GlacierAWS\BrMy\GAVEL\Config\LocConfig_BrMy_2015.ini
2018-11-01 11:54:47,979 - __main__ - INFO - QC1 module executed
2018-11-01 11:55:05,375 - __main__ - INFO - QC2 module executed
2018-11-01 11:55:11,767 - __main__ - INFO - QCFin module executed
2018-11-01 11:55:51,079 - __main__ - INFO - Plot module executed
2018-11-01 11:55:54,839 - __main__ - INFO - Report module executed
2018-11-01 11:55:54,842 - __main__ - INFO - Running Local Config file: F:\Þróunarsvið\Rannsóknir\M-Sameign\GAVEL\GAVEL1\GlacierAWS\BrMy\GAVEL\Config\LocConfig_BrMy_2016.ini
2018-11-01 11:56:17,371 - __main__ - INFO - QC1 module executed
2018-11-01 11:56:34,891 - __main__ - INFO - QC2 module executed
2018-11-01 11:56:41,627 - __main__ - INFO - QCFin module executed
2018-11-01 11:57:21,756 - __main__ - INFO - Plot module executed
2018-11-01 11:57:24,882 - __main__ - INFO - Report module executed
2018-11-01 11:57:24,885 - __main__ - INFO - Running Local Config file: F:\Þróunarsvið\Rannsóknir\M-Sameign\GAVEL\GAVEL1\GlacierAWS\BrMy\GAVEL\Config\LocConfig_BrMy_2017.ini
2018-11-01 11:57:46,257 - __main__ - INFO - QC1 module executed
2018-11-01 11:58:04,647 - __main__ - INFO - QC2 module executed
2018-11-01 11:58:10,970 - __main__ - INFO - QCFin module executed
2018-11-01 11:58:51,839 - __main__ - INFO - Plot module executed
2018-11-01 11:58:55,319 - __main__ - INFO - Report module executed
2018-11-01 11:59:14,128 - __main__ - INFO - Finished updating long term statistics for station: Breidamerkurjokull_BrMy
2018-11-01 11:59:14,131 - __main__ - INFO - All config files read
2018-11-01 11:59:14,137 - __main__ - INFO - Running GAVEL for station: t06
2018-11-01 11:59:14,154 - __main__ - INFO - Running Local Config file: F:\Þróunarsvið\Rannsóknir\M-Sameign\GAVEL\GAVEL1\GlacierAWS\T06\GAVEL\Config\LocConfig_T06_1997.ini
2018-11-01 11:59:16,319 - __main__ - INFO - QC1 module executed
2018-11-01 11:59:18,642 - __main__ - INFO - QC2 module executed
2018-11-01 11:59:20,582 - __main__ - INFO - QCFin module executed
2018-11-01 12:00:07,125 - __main__ - INFO - Plot module executed
2018-11-01 12:00:09,319 - __main__ - INFO - Report module executed
2018-11-01 12:00:09,322 - __main__ - INFO - Running Local Config file: F:\Þróunarsvið\Rannsóknir\M-Sameign\GAVEL\GAVEL1\GlacierAWS\T06\GAVEL\Config\LocConfig_T06_1998.ini
2018-11-01 12:00:13,494 - __main__ - INFO - QC1 module executed
2018-11-01 12:00:18,072 - __main__ - INFO - QC2 module executed
2018-11-01 12:00:21,737 - __main__ - INFO - QCFin module executed
2018-11-01 12:01:41,368 - __main__ - INFO - Plot module executed
2018-11-01 12:01:44,371 - __main__ - INFO - Report module executed
2018-11-01 12:01:44,375 - __main__ - INFO - Running Local Config file: F:\Þróunarsvið\Rannsóknir\M-Sameign\GAVEL\GAVEL1\GlacierAWS\T06\GAVEL\Config\LocConfig_T06_1999.ini
2018-11-01 12:01:47,355 - __main__ - INFO - QC1 module executed
2018-11-01 12:01:51,232 - __main__ - INFO - QC2 module executed
2018-11-01 12:01:53,664 - __main__ - INFO - QCFin module executed
2018-11-01 12:03:14,776 - __main__ - INFO - Plot module executed
2018-11-01 12:03:17,911 - __main__ - INFO - Report module executed
2018-11-01 12:03:17,914 - __main__ - INFO - Running Local Config file: F:\Þróunarsvið\Rannsóknir\M-Sameign\GAVEL\GAVEL1\GlacierAWS\T06\GAVEL\Config\LocConfig_T06_2000.ini
2018-11-01 12:03:21,551 - __main__ - INFO - QC1 module executed
2018-11-01 12:03:26,078 - __main__ - INFO - QC2 module executed
2018-11-01 12:03:28,703 - __main__ - INFO - QCFin module executed
2018-11-01 12:04:53,168 - __main__ - INFO - Plot module executed
2018-11-01 12:04:56,089 - __main__ - INFO - Report module executed
2018-11-01 12:04:56,092 - __main__ - INFO - Running Local Config file: F:\Þróunarsvið\Rannsóknir\M-Sameign\GAVEL\GAVEL1\GlacierAWS\T06\GAVEL\Config\LocConfig_T06_2001.ini
2018-11-01 12:04:59,437 - __main__ - INFO - QC1 module executed
2018-11-01 12:05:03,489 - __main__ - INFO - QC2 module executed
2018-11-01 12:05:06,088 - __main__ - INFO - QCFin module executed
2018-11-01 12:06:16,505 - __main__ - INFO - Plot module executed
2018-11-01 12:06:19,436 - __main__ - INFO - Report module executed
2018-11-01 12:06:19,438 - __main__ - INFO - Running Local Config file: F:\Þróunarsvið\Rannsóknir\M-Sameign\GAVEL\GAVEL1\GlacierAWS\T06\GAVEL\Config\LocConfig_T06_2002.ini
2018-11-01 12:06:22,299 - __main__ - INFO - QC1 module executed
2018-11-01 12:06:25,904 - __main__ - INFO - QC2 module executed
2018-11-01 12:06:28,309 - __main__ - INFO - QCFin module executed
2018-11-01 12:07:30,341 - __main__ - INFO - Plot module executed
2018-11-01 12:07:33,072 - __main__ - INFO - Report module executed
2018-11-01 12:07:33,085 - __main__ - INFO - Running Local Config file: F:\Þróunarsvið\Rannsóknir\M-Sameign\GAVEL\GAVEL1\GlacierAWS\T06\GAVEL\Config\LocConfig_T06_2003.ini
2018-11-01 12:07:36,532 - __main__ - INFO - QC1 module executed
2018-11-01 12:07:41,022 - __main__ - INFO - QC2 module executed
2018-11-01 12:07:43,638 - __main__ - INFO - QCFin module executed
2018-11-01 12:08:53,983 - __main__ - INFO - Plot module executed
2018-11-01 12:08:56,881 - __main__ - INFO - Report module executed
2018-11-01 12:08:56,884 - __main__ - INFO - Running Local Config file: F:\Þróunarsvið\Rannsóknir\M-Sameign\GAVEL\GAVEL1\GlacierAWS\T06\GAVEL\Config\LocConfig_T06_2004.ini
2018-11-01 12:09:00,168 - __main__ - INFO - QC1 module executed
2018-11-01 12:09:03,996 - __main__ - INFO - QC2 module executed
2018-11-01 12:09:06,418 - __main__ - INFO - QCFin module executed
2018-11-01 12:10:10,078 - __main__ - INFO - Plot module executed
2018-11-01 12:10:12,855 - __main__ - INFO - Report module executed
2018-11-01 12:10:12,858 - __main__ - INFO - Running Local Config file: F:\Þróunarsvið\Rannsóknir\M-Sameign\GAVEL\GAVEL1\GlacierAWS\T06\GAVEL\Config\LocConfig_T06_2005.ini
2018-11-01 12:10:15,487 - __main__ - INFO - QC1 module executed
2018-11-01 12:10:18,796 - __main__ - INFO - QC2 module executed
2018-11-01 12:10:21,052 - __main__ - INFO - QCFin module executed
2018-11-01 12:11:22,871 - __main__ - INFO - Plot module executed
2018-11-01 12:11:25,523 - __main__ - INFO - Report module executed
2018-11-01 12:11:25,526 - __main__ - INFO - Running Local Config file: F:\Þróunarsvið\Rannsóknir\M-Sameign\GAVEL\GAVEL1\GlacierAWS\T06\GAVEL\Config\LocConfig_T06_2006.ini
2018-11-01 12:11:28,908 - __main__ - INFO - QC1 module executed
2018-11-01 12:11:33,308 - __main__ - INFO - QC2 module executed
2018-11-01 12:11:35,940 - __main__ - INFO - QCFin module executed
2018-11-01 12:12:49,233 - __main__ - INFO - Plot module executed
2018-11-01 12:12:52,095 - __main__ - INFO - Report module executed
2018-11-01 12:12:52,098 - __main__ - INFO - Running Local Config file: F:\Þróunarsvið\Rannsóknir\M-Sameign\GAVEL\GAVEL1\GlacierAWS\T06\GAVEL\Config\LocConfig_T06_2007.ini
2018-11-01 12:12:55,655 - __main__ - INFO - QC1 module executed
2018-11-01 12:12:59,891 - __main__ - INFO - QC2 module executed
2018-11-01 12:13:02,532 - __main__ - INFO - QCFin module executed
2018-11-01 12:14:14,072 - __main__ - INFO - Plot module executed
2018-11-01 12:14:16,802 - __main__ - INFO - Report module executed
2018-11-01 12:14:16,805 - __main__ - INFO - Running Local Config file: F:\Þróunarsvið\Rannsóknir\M-Sameign\GAVEL\GAVEL1\GlacierAWS\T06\GAVEL\Config\LocConfig_T06_2008.ini
2018-11-01 12:14:20,239 - __main__ - INFO - QC1 module executed
2018-11-01 12:14:24,220 - __main__ - INFO - QC2 module executed
2018-11-01 12:14:26,880 - __main__ - INFO - QCFin module executed
2018-11-01 12:15:43,535 - __main__ - INFO - Plot module executed
2018-11-01 12:15:46,551 - __main__ - INFO - Report module executed
2018-11-01 12:15:46,553 - __main__ - INFO - Running Local Config file: F:\Þróunarsvið\Rannsóknir\M-Sameign\GAVEL\GAVEL1\GlacierAWS\T06\GAVEL\Config\LocConfig_T06_2009.ini
2018-11-01 12:15:49,779 - __main__ - INFO - QC1 module executed
2018-11-01 12:15:53,914 - __main__ - INFO - QC2 module executed
2018-11-01 12:15:56,621 - __main__ - INFO - QCFin module executed
2018-11-01 12:17:11,237 - __main__ - INFO - Plot module executed
2018-11-01 12:17:14,200 - __main__ - INFO - Report module executed
2018-11-01 12:17:14,203 - __main__ - INFO - Running Local Config file: F:\Þróunarsvið\Rannsóknir\M-Sameign\GAVEL\GAVEL1\GlacierAWS\T06\GAVEL\Config\LocConfig_T06_2010.ini
2018-11-01 12:17:17,233 - __main__ - INFO - QC1 module executed
2018-11-01 12:17:21,214 - __main__ - INFO - QC2 module executed
2018-11-01 12:17:24,180 - __main__ - INFO - QCFin module executed
2018-11-01 12:18:38,582 - __main__ - INFO - Plot module executed
2018-11-01 12:18:41,552 - __main__ - INFO - Report module executed
2018-11-01 12:18:41,555 - __main__ - INFO - Running Local Config file: F:\Þróunarsvið\Rannsóknir\M-Sameign\GAVEL\GAVEL1\GlacierAWS\T06\GAVEL\Config\LocConfig_T06_2012.ini
2018-11-01 12:18:57,220 - __main__ - INFO - QC1 module executed
2018-11-01 12:19:21,068 - __main__ - INFO - QC2 module executed
2018-11-01 12:19:30,858 - __main__ - INFO - QCFin module executed
2018-11-01 12:22:03,197 - __main__ - INFO - Plot module executed
2018-11-01 12:22:07,960 - __main__ - INFO - Report module executed
2018-11-01 12:22:07,963 - __main__ - INFO - Running Local Config file: F:\Þróunarsvið\Rannsóknir\M-Sameign\GAVEL\GAVEL1\GlacierAWS\T06\GAVEL\Config\LocConfig_T06_2013.ini
2018-11-01 12:22:24,036 - __main__ - INFO - QC1 module executed
2018-11-01 12:22:49,423 - __main__ - INFO - QC2 module executed
2018-11-01 12:22:59,323 - __main__ - INFO - QCFin module executed
2018-11-01 12:25:39,252 - __main__ - INFO - Plot module executed
2018-11-01 12:25:44,178 - __main__ - INFO - Report module executed
2018-11-01 12:25:44,183 - __main__ - INFO - Running Local Config file: F:\Þróunarsvið\Rannsóknir\M-Sameign\GAVEL\GAVEL1\GlacierAWS\T06\GAVEL\Config\LocConfig_T06_2014.ini
2018-11-01 12:26:01,334 - __main__ - INFO - QC1 module executed
2018-11-01 12:26:27,904 - __main__ - INFO - QC2 module executed
2018-11-01 12:26:38,114 - __main__ - INFO - QCFin module executed
2018-11-01 12:29:17,507 - __main__ - INFO - Plot module executed
2018-11-01 12:29:22,405 - __main__ - INFO - Report module executed
2018-11-01 12:29:22,410 - __main__ - INFO - Running Local Config file: F:\Þróunarsvið\Rannsóknir\M-Sameign\GAVEL\GAVEL1\GlacierAWS\T06\GAVEL\Config\LocConfig_T06_2015.ini
2018-11-01 12:29:42,398 - __main__ - INFO - QC1 module executed
2018-11-01 12:30:13,233 - __main__ - INFO - QC2 module executed
2018-11-01 12:30:23,269 - __main__ - INFO - QCFin module executed
2018-11-01 12:33:08,989 - __main__ - INFO - Plot module executed
2018-11-01 12:33:14,562 - __main__ - INFO - Report module executed
2018-11-01 12:33:14,565 - __main__ - INFO - Running Local Config file: F:\Þróunarsvið\Rannsóknir\M-Sameign\GAVEL\GAVEL1\GlacierAWS\T06\GAVEL\Config\LocConfig_T06_2016.ini
2018-11-01 12:33:36,334 - __main__ - INFO - QC1 module executed
2018-11-01 12:34:11,628 - __main__ - INFO - QC2 module executed
2018-11-01 12:34:22,595 - __main__ - INFO - QCFin module executed
2018-11-01 12:37:05,532 - __main__ - INFO - Plot module executed
2018-11-01 12:37:10,849 - __main__ - INFO - Report module executed
2018-11-01 12:37:10,854 - __main__ - INFO - Running Local Config file: F:\Þróunarsvið\Rannsóknir\M-Sameign\GAVEL\GAVEL1\GlacierAWS\T06\GAVEL\Config\LocConfig_T06_2017.ini
2018-11-01 12:37:28,976 - __main__ - INFO - QC1 module executed
2018-11-01 12:37:56,551 - __main__ - INFO - QC2 module executed
2018-11-01 12:38:06,890 - __main__ - INFO - QCFin module executed
2018-11-01 12:40:51,351 - __main__ - INFO - Plot module executed
2018-11-01 12:40:56,374 - __main__ - INFO - Report module executed
2018-11-01 12:43:08,555 - __main__ - INFO - Finished updating long term statistics for station: Tungnarjokull_T06
2018-11-01 12:43:08,568 - __main__ - INFO - All config files read
2018-11-01 12:43:08,572 - __main__ - INFO - Running GAVEL for station: b16
2018-11-01 12:43:08,632 - __main__ - INFO - Running Local Config file: F:\Þróunarsvið\Rannsóknir\M-Sameign\GAVEL\GAVEL1\GlacierAWS\B16\GAVEL\Config\LocConfig_B16_1996.ini
2018-11-01 12:43:11,516 - __main__ - INFO - QC1 module executed
2018-11-01 12:43:14,648 - __main__ - INFO - QC2 module executed
2018-11-01 12:43:16,746 - __main__ - INFO - QCFin module executed
2018-11-01 12:44:21,068 - __main__ - INFO - Plot module executed
2018-11-01 12:44:23,823 - __main__ - INFO - Report module executed
2018-11-01 12:44:23,826 - __main__ - INFO - Running Local Config file: F:\Þróunarsvið\Rannsóknir\M-Sameign\GAVEL\GAVEL1\GlacierAWS\B16\GAVEL\Config\LocConfig_B16_2001.ini
2018-11-01 12:44:27,503 - __main__ - INFO - QC1 module executed
2018-11-01 12:44:34,049 - __main__ - INFO - QC2 module executed
2018-11-01 12:44:36,875 - __main__ - INFO - QCFin module executed
2018-11-01 12:46:03,585 - __main__ - INFO - Plot module executed
2018-11-01 12:46:06,642 - __main__ - INFO - Report module executed
2018-11-01 12:46:06,645 - __main__ - INFO - Running Local Config file: F:\Þróunarsvið\Rannsóknir\M-Sameign\GAVEL\GAVEL1\GlacierAWS\B16\GAVEL\Config\LocConfig_B16_2002.ini
2018-11-01 12:46:10,013 - __main__ - INFO - QC1 module executed
2018-11-01 12:46:14,204 - __main__ - INFO - QC2 module executed
2018-11-01 12:46:16,803 - __main__ - INFO - QCFin module executed
2018-11-01 12:47:50,400 - __main__ - INFO - Plot module executed
2018-11-01 12:47:53,533 - __main__ - INFO - Report module executed
2018-11-01 12:47:53,538 - __main__ - INFO - Running Local Config file: F:\Þróunarsvið\Rannsóknir\M-Sameign\GAVEL\GAVEL1\GlacierAWS\B16\GAVEL\Config\LocConfig_B16_2003.ini
2018-11-01 12:47:57,019 - __main__ - INFO - QC1 module executed
2018-11-01 12:48:02,122 - __main__ - INFO - QC2 module executed
2018-11-01 12:48:05,180 - __main__ - INFO - QCFin module executed
2018-11-01 12:49:29,572 - __main__ - INFO - Plot module executed
2018-11-01 12:49:32,819 - __main__ - INFO - Report module executed
2018-11-01 12:49:32,822 - __main__ - INFO - Running Local Config file: F:\Þróunarsvið\Rannsóknir\M-Sameign\GAVEL\GAVEL1\GlacierAWS\B16\GAVEL\Config\LocConfig_B16_2004.ini
2018-11-01 12:49:36,561 - __main__ - INFO - QC1 module executed
2018-11-01 12:49:41,032 - __main__ - INFO - QC2 module executed
2018-11-01 12:49:44,045 - __main__ - INFO - QCFin module executed
2018-11-01 12:51:10,049 - __main__ - INFO - Plot module executed
2018-11-01 12:51:13,213 - __main__ - INFO - Report module executed
2018-11-01 12:51:13,216 - __main__ - INFO - Running Local Config file: F:\Þróunarsvið\Rannsóknir\M-Sameign\GAVEL\GAVEL1\GlacierAWS\B16\GAVEL\Config\LocConfig_B16_2005.ini
2018-11-01 12:51:17,487 - __main__ - INFO - QC1 module executed
2018-11-01 12:51:22,204 - __main__ - INFO - QC2 module executed
2018-11-01 12:51:25,526 - __main__ - INFO - QCFin module executed
2018-11-01 12:52:48,507 - __main__ - INFO - Plot module executed
2018-11-01 12:52:51,825 - __main__ - INFO - Report module executed
2018-11-01 12:52:51,829 - __main__ - INFO - Running Local Config file: F:\Þróunarsvið\Rannsóknir\M-Sameign\GAVEL\GAVEL1\GlacierAWS\B16\GAVEL\Config\LocConfig_B16_2006.ini
2018-11-01 12:52:55,732 - __main__ - INFO - QC1 module executed
2018-11-01 12:53:00,223 - __main__ - INFO - QC2 module executed
2018-11-01 12:53:03,187 - __main__ - INFO - QCFin module executed
2018-11-01 12:54:26,036 - __main__ - INFO - Plot module executed
2018-11-01 12:54:29,042 - __main__ - INFO - Report module executed
2018-11-01 12:54:29,046 - __main__ - INFO - Running Local Config file: F:\Þróunarsvið\Rannsóknir\M-Sameign\GAVEL\GAVEL1\GlacierAWS\B16\GAVEL\Config\LocConfig_B16_2007.ini
2018-11-01 12:54:32,509 - __main__ - INFO - QC1 module executed
2018-11-01 12:54:36,852 - __main__ - INFO - QC2 module executed
2018-11-01 12:54:39,601 - __main__ - INFO - QCFin module executed
2018-11-01 12:56:03,825 - __main__ - INFO - Plot module executed
2018-11-01 12:56:07,105 - __main__ - INFO - Report module executed
2018-11-01 12:56:07,108 - __main__ - INFO - Running Local Config file: F:\Þróunarsvið\Rannsóknir\M-Sameign\GAVEL\GAVEL1\GlacierAWS\B16\GAVEL\Config\LocConfig_B16_2008.ini
2018-11-01 12:56:10,589 - __main__ - INFO - QC1 module executed
2018-11-01 12:56:14,936 - __main__ - INFO - QC2 module executed
2018-11-01 12:56:17,877 - __main__ - INFO - QCFin module executed
2018-11-01 12:57:37,388 - __main__ - INFO - Plot module executed
2018-11-01 12:57:40,318 - __main__ - INFO - Report module executed
2018-11-01 12:57:40,322 - __main__ - INFO - Running Local Config file: F:\Þróunarsvið\Rannsóknir\M-Sameign\GAVEL\GAVEL1\GlacierAWS\B16\GAVEL\Config\LocConfig_B16_2009.ini
2018-11-01 12:57:43,782 - __main__ - INFO - QC1 module executed
2018-11-01 12:57:48,013 - __main__ - INFO - QC2 module executed
2018-11-01 12:57:50,667 - __main__ - INFO - QCFin module executed
2018-11-01 12:59:06,868 - __main__ - INFO - Plot module executed
2018-11-01 12:59:09,917 - __main__ - INFO - Report module executed
2018-11-01 12:59:09,921 - __main__ - INFO - Running Local Config file: F:\Þróunarsvið\Rannsóknir\M-Sameign\GAVEL\GAVEL1\GlacierAWS\B16\GAVEL\Config\LocConfig_B16_2010.ini
2018-11-01 12:59:13,788 - __main__ - INFO - QC1 module executed
2018-11-01 12:59:19,145 - __main__ - INFO - QC2 module executed
2018-11-01 12:59:22,048 - __main__ - INFO - QCFin module executed
2018-11-01 13:00:50,661 - __main__ - INFO - Plot module executed
2018-11-01 13:00:53,834 - __main__ - INFO - Report module executed
2018-11-01 13:00:53,838 - __main__ - INFO - Running Local Config file: F:\Þróunarsvið\Rannsóknir\M-Sameign\GAVEL\GAVEL1\GlacierAWS\B16\GAVEL\Config\LocConfig_B16_2011.ini
2018-11-01 13:00:58,694 - __main__ - INFO - QC1 module executed
2018-11-01 13:01:03,351 - __main__ - INFO - QC2 module executed
2018-11-01 13:01:06,227 - __main__ - INFO - QCFin module executed
2018-11-01 13:02:25,989 - __main__ - INFO - Plot module executed
2018-11-01 13:02:28,980 - __main__ - INFO - Report module executed
2018-11-01 13:02:28,983 - __main__ - INFO - Running Local Config file: F:\Þróunarsvið\Rannsóknir\M-Sameign\GAVEL\GAVEL1\GlacierAWS\B16\GAVEL\Config\LocConfig_B16_2012.ini
2018-11-01 13:02:47,757 - __main__ - INFO - QC1 module executed
2018-11-01 13:03:15,717 - __main__ - INFO - QC2 module executed
2018-11-01 13:05:34,815 - __main__ - INFO - QCFin module executed
2018-11-01 13:08:17,891 - __main__ - INFO - Plot module executed
2018-11-01 13:08:22,979 - __main__ - INFO - Report module executed
2018-11-01 13:08:22,983 - __main__ - INFO - Running Local Config file: F:\Þróunarsvið\Rannsóknir\M-Sameign\GAVEL\GAVEL1\GlacierAWS\B16\GAVEL\Config\LocConfig_B16_2013.ini
2018-11-01 13:08:40,937 - __main__ - INFO - QC1 module executed
2018-11-01 13:09:06,105 - __main__ - INFO - QC2 module executed
2018-11-01 13:09:15,476 - __main__ - INFO - QCFin module executed
2018-11-01 13:12:00,983 - __main__ - INFO - Plot module executed
2018-11-01 13:12:06,993 - __main__ - INFO - Report module executed
2018-11-01 13:12:06,996 - __main__ - INFO - Running Local Config file: F:\Þróunarsvið\Rannsóknir\M-Sameign\GAVEL\GAVEL1\GlacierAWS\B16\GAVEL\Config\LocConfig_B16_2014.ini
2018-11-01 13:12:25,007 - __main__ - INFO - QC1 module executed
2018-11-01 13:12:53,122 - __main__ - INFO - QC2 module executed
2018-11-01 13:13:05,206 - __main__ - INFO - QCFin module executed
2018-11-01 13:15:38,736 - __main__ - INFO - Plot module executed
2018-11-01 13:15:43,759 - __main__ - INFO - Report module executed
2018-11-01 13:15:43,765 - __main__ - INFO - Running Local Config file: F:\Þróunarsvið\Rannsóknir\M-Sameign\GAVEL\GAVEL1\GlacierAWS\B16\GAVEL\Config\LocConfig_B16_2015.ini
2018-11-01 13:16:03,612 - __main__ - INFO - QC1 module executed
2018-11-01 13:16:37,219 - __main__ - INFO - QC2 module executed
2018-11-01 13:16:49,131 - __main__ - INFO - QCFin module executed
2018-11-01 13:19:58,526 - __main__ - INFO - Plot module executed
2018-11-01 13:20:03,852 - __main__ - INFO - Report module executed
2018-11-01 13:20:03,855 - __main__ - INFO - Running Local Config file: F:\Þróunarsvið\Rannsóknir\M-Sameign\GAVEL\GAVEL1\GlacierAWS\B16\GAVEL\Config\LocConfig_B16_2016.ini
2018-11-01 13:20:27,142 - __main__ - INFO - QC1 module executed
2018-11-01 13:21:04,951 - __main__ - INFO - QC2 module executed
2018-11-01 13:21:17,234 - __main__ - INFO - QCFin module executed
2018-11-01 13:24:21,617 - __main__ - INFO - Plot module executed
2018-11-01 13:24:27,746 - __main__ - INFO - Report module executed
2018-11-01 13:24:27,749 - __main__ - INFO - Running Local Config file: F:\Þróunarsvið\Rannsóknir\M-Sameign\GAVEL\GAVEL1\GlacierAWS\B16\GAVEL\Config\LocConfig_B16_2017.ini
2018-11-01 13:24:45,857 - __main__ - INFO - QC1 module executed
2018-11-01 13:25:14,413 - __main__ - INFO - QC2 module executed
2018-11-01 13:25:24,279 - __main__ - INFO - QCFin module executed
2018-11-01 13:27:55,141 - __main__ - INFO - Plot module executed
2018-11-01 13:28:00,088 - __main__ - INFO - Report module executed
2018-11-01 13:30:17,211 - __main__ - INFO - Finished updating long term statistics for station: Bruarjokull_B16
2018-11-01 13:30:17,216 - __main__ - INFO - All config files read
2018-11-01 13:30:17,221 - __main__ - INFO - Running GAVEL for station: br01
2018-11-01 13:30:17,263 - __main__ - INFO - Running Local Config file: F:\Þróunarsvið\Rannsóknir\M-Sameign\GAVEL\GAVEL1\GlacierAWS\Br01\GAVEL\Config\LocConfig_Br01_2012.ini
2018-11-01 13:30:40,707 - __main__ - INFO - QC1 module executed
2018-11-01 13:31:19,526 - __main__ - INFO - QC2 module executed
2018-11-01 13:31:34,698 - __main__ - INFO - QCFin module executed
2018-11-01 13:34:41,680 - __main__ - INFO - Plot module executed
2018-11-01 13:34:48,338 - __main__ - INFO - Report module executed
2018-11-01 13:34:48,341 - __main__ - INFO - Running Local Config file: F:\Þróunarsvið\Rannsóknir\M-Sameign\GAVEL\GAVEL1\GlacierAWS\Br01\GAVEL\Config\LocConfig_Br01_2013.ini
2018-11-01 13:35:17,483 - __main__ - INFO - QC1 module executed
2018-11-01 13:35:57,887 - __main__ - INFO - QC2 module executed
2018-11-01 13:36:16,331 - __main__ - INFO - QCFin module executed
2018-11-01 13:40:17,430 - __main__ - INFO - Plot module executed
2018-11-01 13:40:24,726 - __main__ - INFO - Report module executed
2018-11-01 13:40:24,730 - __main__ - INFO - Running Local Config file: F:\Þróunarsvið\Rannsóknir\M-Sameign\GAVEL\GAVEL1\GlacierAWS\Br01\GAVEL\Config\LocConfig_Br01_2014.ini
2018-11-01 13:40:58,364 - __main__ - INFO - QC1 module executed
2018-11-01 13:41:45,667 - __main__ - INFO - QC2 module executed
2018-11-01 13:42:04,348 - __main__ - INFO - QCFin module executed
2018-11-01 13:45:45,822 - __main__ - INFO - Plot module executed
2018-11-01 13:45:52,967 - __main__ - INFO - Report module executed
2018-11-01 13:45:52,967 - __main__ - INFO - Running Local Config file: F:\Þróunarsvið\Rannsóknir\M-Sameign\GAVEL\GAVEL1\GlacierAWS\Br01\GAVEL\Config\LocConfig_Br01_2015.ini
2018-11-01 13:46:28,096 - __main__ - INFO - QC1 module executed
2018-11-01 13:47:21,677 - __main__ - INFO - QC2 module executed
2018-11-01 13:47:43,176 - __main__ - INFO - QCFin module executed
2018-11-01 13:51:50,148 - __main__ - INFO - Plot module executed
2018-11-01 13:51:57,984 - __main__ - INFO - Report module executed
2018-11-01 13:51:57,989 - __main__ - INFO - Running Local Config file: F:\Þróunarsvið\Rannsóknir\M-Sameign\GAVEL\GAVEL1\GlacierAWS\Br01\GAVEL\Config\LocConfig_Br01_2016.ini
2018-11-01 13:52:31,173 - __main__ - INFO - QC1 module executed
2018-11-01 13:53:21,917 - __main__ - INFO - QC2 module executed
2018-11-01 13:53:43,640 - __main__ - INFO - QCFin module executed
2018-11-01 13:58:00,312 - __main__ - INFO - Plot module executed
2018-11-01 13:58:07,311 - __main__ - INFO - Report module executed
2018-11-01 13:58:07,311 - __main__ - INFO - Running Local Config file: F:\Þróunarsvið\Rannsóknir\M-Sameign\GAVEL\GAVEL1\GlacierAWS\Br01\GAVEL\Config\LocConfig_Br01_2017.ini
2018-11-01 13:58:43,042 - __main__ - INFO - QC1 module executed
2018-11-01 13:59:35,980 - __main__ - INFO - QC2 module executed
2018-11-01 13:59:57,586 - __main__ - INFO - QCFin module executed
2018-11-01 14:03:54,400 - __main__ - INFO - Plot module executed
2018-11-01 14:04:01,750 - __main__ - INFO - Report module executed
2018-11-01 14:05:20,717 - __main__ - INFO - Finished updating long term statistics for station: Breidamerkurjokul_Br01
2018-11-01 14:05:20,717 - __main__ - INFO - All config files read
2018-11-01 14:05:20,733 - __main__ - INFO - Running GAVEL for station: br04
2018-11-01 14:05:20,749 - __main__ - INFO - Running Local Config file: F:\Þróunarsvið\Rannsóknir\M-Sameign\GAVEL\GAVEL1\GlacierAWS\Br04\GAVEL\Config\LocConfig_Br04_2012.ini
2018-11-01 14:05:40,045 - __main__ - INFO - QC1 module executed
2018-11-01 14:06:05,006 - __main__ - INFO - QC2 module executed
2018-11-01 14:06:14,763 - __main__ - INFO - QCFin module executed
2018-11-01 14:08:15,927 - __main__ - INFO - Plot module executed
2018-11-01 14:08:20,332 - __main__ - INFO - Report module executed
2018-11-01 14:08:20,348 - __main__ - INFO - Running Local Config file: F:\Þróunarsvið\Rannsóknir\M-Sameign\GAVEL\GAVEL1\GlacierAWS\Br04\GAVEL\Config\LocConfig_Br04_2013.ini
2018-11-01 14:08:50,917 - __main__ - INFO - QC1 module executed
2018-11-01 14:09:26,282 - __main__ - INFO - QC2 module executed
2018-11-01 14:09:37,447 - __main__ - INFO - QCFin module executed
2018-11-01 14:12:02,540 - __main__ - INFO - Plot module executed
2018-11-01 14:12:07,240 - __main__ - INFO - Report module executed
2018-11-01 14:12:07,255 - __main__ - INFO - Running Local Config file: F:\Þróunarsvið\Rannsóknir\M-Sameign\GAVEL\GAVEL1\GlacierAWS\Br04\GAVEL\Config\LocConfig_Br04_2014.ini
2018-11-01 14:12:34,030 - __main__ - INFO - QC1 module executed
2018-11-01 14:13:08,131 - __main__ - INFO - QC2 module executed
2018-11-01 14:13:20,048 - __main__ - INFO - QCFin module executed
